<?xml version="1.0" encoding="UTF-8"?>
<!-- Generated by org.testng.reporters.JUnitReportReporter -->
<testsuite hostname="1331-MAPANMAC.local" failures="0" tests="1" name="backend.api.TestHello" time="2.121" errors="0" timestamp="2021-07-28T06:46:59 WIB" skipped="0">
  <testcase classname="backend.api.TestHello" name="successGetUser" time="2.121"/>
  <system-out/>
</testsuite> <!-- backend.api.TestHello -->
